Start testing: Jun 28 16:53 MSK
----------------------------------------------------------
1/1 Testing: check
1/1 Test: check
Command: "/home/admin/ryeebak/workspace/projects/lab05/_build/check"
Directory: /home/admin/ryeebak/workspace/projects/lab05/_build
"check" start time: Jun 28 16:53 MSK
Output:
----------------------------------------------------------
Running main() from /home/admin/ryeebak/workspace/projects/lab05/third-party/gtest/googletest/src/gtest_main.cc
[==========] Running 1 test from 1 test suite.
[----------] Global test environment set-up.
[----------] 1 test from Print
[ RUN      ] Print.InFileStream
[       OK ] Print.InFileStream (0 ms)
[----------] 1 test from Print (0 ms total)

[----------] Global test environment tear-down
[==========] 1 test from 1 test suite ran. (0 ms total)
[  PASSED  ] 1 test.
<end of output>
Test time =   0.00 sec
----------------------------------------------------------
Test Passed.
"check" end time: Jun 28 16:53 MSK
"check" time elapsed: 00:00:00
----------------------------------------------------------

End testing: Jun 28 16:53 MSK
